<?xml version="1.0" encoding="UTF-8"?>
<testng-results ignored="0" total="1" passed="1" failed="0" skipped="0">
  <reporter-output>
  </reporter-output>
  <suite started-at="2022-07-06T00:04:02Z" name="Default suite" finished-at="2022-07-06T00:04:07Z" duration-ms="5091">
    <groups>
    </groups>
    <test started-at="2022-07-06T00:04:02Z" name="Default test" finished-at="2022-07-06T00:04:07Z" duration-ms="5091">
      <class name="Test.VerifyPhNumberPageTest">
        <test-method is-config="true" signature="setup()[pri:0, instance:Test.VerifyPhNumberPageTest@2a8448fa]" started-at="2022-07-05T20:04:00Z" name="setup" finished-at="2022-07-05T20:04:02Z" duration-ms="2735" status="PASS">
          <reporter-output>
          </reporter-output>
        </test-method> <!-- setup -->
        <test-method signature="getVerifyPhNumberPageTest(java.lang.String, java.lang.String, java.lang.String, java.lang.String, java.lang.String, java.lang.String)[pri:0, instance:Test.VerifyPhNumberPageTest@2a8448fa]" started-at="2022-07-05T20:04:03Z" name="getVerifyPhNumberPageTest" data-provider="dp" finished-at="2022-07-05T20:04:07Z" duration-ms="4846" status="PASS">
          <params>
            <param index="0">
              <value>
                <![CDATA[JR]]>
              </value>
            </param>
            <param index="1">
              <value>
                <![CDATA[Biden]]>
              </value>
            </param>
            <param index="2">
              <value>
                <![CDATA[bjoe28129]]>
              </value>
            </param>
            <param index="3">
              <value>
                <![CDATA[JB@2022JB]]>
              </value>
            </param>
            <param index="4">
              <value>
                <![CDATA[JB@2022JB]]>
              </value>
            </param>
            <param index="5">
              <value>
                <![CDATA[1234567890]]>
              </value>
            </param>
          </params>
          <reporter-output>
          </reporter-output>
        </test-method> <!-- getVerifyPhNumberPageTest -->
      </class> <!-- Test.VerifyPhNumberPageTest -->
    </test> <!-- Default test -->
  </suite> <!-- Default suite -->
</testng-results>
